; SPIR-V
; Version: 1.0
; Generator: Google spiregg; 0
; Bound: 12
; Schema: 0
               OpCapability Shader
               OpMemoryModel Logical GLSL450
               OpEntryPoint Vertex %Frag "Frag" %out_var_COLOR0
               OpSource HLSL 650
               OpName %out_var_COLOR0 "out.var.COLOR0"
               OpName %Frag "Frag"
               OpDecorate %out_var_COLOR0 Location 0
      %float = OpTypeFloat 32
    %float_0 = OpConstant %float 0
    %float_1 = OpConstant %float 1
    %v3float = OpTypeVector %float 3
%_ptr_Output_v3float = OpTypePointer Output %v3float
       %void = OpTypeVoid
          %9 = OpTypeFunction %void
%out_var_COLOR0 = OpVariable %_ptr_Output_v3float Output
         %10 = OpConstantComposite %v3float %float_1 %float_0 %float_0
       %Frag = OpFunction %void None %9
         %11 = OpLabel
               OpStore %out_var_COLOR0 %10
               OpReturn
               OpFunctionEnd
